{"level":"info","message":"Server started successfully"}
{"level":"info","message":"Server started successfully"}
{"level":"info","message":"Server started successfully"}
{"level":"info","message":"Server started successfully"}
{"level":"info","message":"Server started successfully"}
{"level":"info","message":"Server started successfully"}
{"level":"info","message":"Server started successfully"}
{"level":"info","message":"Server started successfully"}
{"level":"info","message":"Server started successfully"}
{"level":"info","message":"Server started successfully"}
{"level":"info","message":"Server started successfully"}
{"level":"info","message":"Server started successfully"}
{"level":"info","message":"Server started successfully"}
{"level":"info","message":"Server started successfully"}
{"level":"info","message":"Server started successfully"}
{"level":"info","message":"Server started successfully"}
{"level":"info","message":"Server started successfully"}
{"level":"info","message":"Server started successfully"}
{"level":"info","message":"Server started successfully"}
{"level":"info","message":"Server started successfully"}
{"level":"info","message":"Server started successfully"}
{"level":"info","message":"Server started successfully"}
{"level":"info","message":"Server started successfully"}
{"level":"info","message":"Server started successfully"}
{"level":"info","message":"Request: POST /api/auth/login"}
{"level":"info","message":"Request: POST /api/auth/login"}
{"level":"info","message":"Server started successfully"}
{"level":"info","message":"Server started successfully"}
{"level":"info","message":"Request: POST /api/auth/register"}
{"level":"info","message":"Server started successfully"}
{"level":"info","message":"Server started successfully"}
{"level":"info","message":"Server started successfully"}
{"level":"info","message":"Server started successfully"}
{"level":"info","message":"Server started successfully"}
{"level":"info","message":"Server started successfully"}
{"level":"info","message":"Server started successfully"}
{"level":"info","message":"Server started successfully"}
{"level":"info","message":"Server started successfully"}
{"level":"info","message":"Server started successfully"}
{"level":"info","message":"Server started successfully"}
{"level":"info","message":"Server started successfully"}
{"level":"info","message":"Server started successfully"}
{"level":"info","message":"Server started successfully"}
{"level":"info","message":"Server started successfully"}
{"level":"info","message":"Server started successfully"}
{"level":"info","message":"Server started successfully"}
{"level":"info","message":"Server started successfully"}
{"level":"info","message":"Server started successfully"}
{"level":"info","message":"Server started successfully"}
{"level":"info","message":"Server started successfully"}
{"level":"info","message":"Server started successfully"}
{"level":"info","message":"Server started successfully"}
{"level":"info","message":"Server started successfully"}
{"level":"info","message":"Server started successfully"}
{"level":"info","message":"Server started successfully"}
{"level":"info","message":"Server started successfully"}
{"level":"info","message":"Server started successfully"}
{"level":"info","message":"Server started successfully"}
{"level":"info","message":"Server started successfully"}
{"level":"info","message":"Server started successfully"}
{"level":"info","message":"Server started successfully"}
{"level":"info","message":"Server started successfully"}
{"level":"info","message":"Server started successfully"}
{"level":"info","message":"Server started successfully"}
{"level":"info","message":"Server started successfully"}
{"level":"info","message":"Server started successfully"}
{"level":"info","message":"Server started successfully"}
{"level":"info","message":"Server started successfully"}
{"level":"info","message":"Server started successfully"}
{"level":"info","message":"Server started successfully"}
{"level":"info","message":"Server started successfully"}
{"level":"info","message":"Server started successfully"}
{"level":"info","message":"Server started successfully"}
{"level":"info","message":"Server started successfully"}
{"level":"info","message":"Server started successfully"}
{"level":"info","message":"Server started successfully"}
{"level":"info","message":"Server started successfully"}
{"level":"info","message":"Server started successfully"}
{"level":"info","message":"Server started successfully"}
{"level":"info","message":"Server started successfully"}
{"level":"info","message":"Server started successfully"}
{"level":"info","message":"Server started successfully"}
{"level":"info","message":"Server started successfully"}
{"level":"info","message":"Server started successfully"}
{"level":"info","message":"Server started successfully"}
{"level":"info","message":"Server started successfully"}
{"level":"info","message":"Server started successfully"}
{"level":"info","message":"Server started successfully"}
{"level":"info","message":"Server started successfully"}
{"level":"info","message":"Server started successfully"}
{"level":"info","message":"Server started successfully"}
{"level":"info","message":"Server started successfully"}
{"level":"info","message":"Server started successfully"}
{"level":"info","message":"Server started successfully"}
{"level":"info","message":"Server started successfully"}
{"level":"info","message":"Server started successfully"}
{"level":"info","message":"Server started successfully"}
{"level":"info","message":"Server started successfully"}
{"level":"info","message":"Request: POST /api/auth/register"}
{"body":"{\n    \"email\": \"vipin.singh632@gmail.com\",\n  \"password\": \"mypassword\",\n}\n","expose":true,"level":"error","status":400,"statusCode":400,"type":"entity.parse.failed"}
{"body":"{\n    \"email\": \"vipin.singh632@gmail.com\",\n  \"password\": \"mypassword\",\n}\n","expose":true,"level":"error","status":400,"statusCode":400,"type":"entity.parse.failed"}
{"level":"info","message":"Server started successfully"}
{"level":"info","message":"Server started successfully"}
{"level":"info","message":"Server started successfully"}
{"level":"info","message":"Server started successfully"}
{"level":"info","message":"Server started successfully"}
{"level":"info","message":"Server started successfully"}
{"level":"info","message":"Request: POST /api/auth//register/verify-otp"}
{"level":"info","message":"Request: POST /api/auth/signup/send-otp"}
{"_message":"User validation failed","errors":{"gender":{"kind":"enum","message":"`male` is not a valid enum value for path `gender`.","name":"ValidatorError","path":"gender","properties":{"enumValues":["Male","Female","Other"],"message":"`male` is not a valid enum value for path `gender`.","path":"gender","type":"enum","value":"male"},"value":"male"}},"level":"error","message":"Signup OTP error: User validation failed: gender: `male` is not a valid enum value for path `gender`.","stack":"ValidationError: User validation failed: gender: `male` is not a valid enum value for path `gender`.\n    at Document.invalidate (/Users/vipinsingh/Downloads/imeta/Node Project/login-api/node_modules/mongoose/lib/document.js:3343:32)\n    at /Users/vipinsingh/Downloads/imeta/Node Project/login-api/node_modules/mongoose/lib/document.js:3104:17\n    at /Users/vipinsingh/Downloads/imeta/Node Project/login-api/node_modules/mongoose/lib/schemaType.js:1407:9\n    at process.processTicksAndRejections (node:internal/process/task_queues:77:11)"}
{"level":"info","message":"Server started successfully"}
{"level":"info","message":"Request: POST /api/auth/signup/send-otp"}
{"_message":"User validation failed","errors":{"gender":{"kind":"enum","message":"`male` is not a valid enum value for path `gender`.","name":"ValidatorError","path":"gender","properties":{"enumValues":["Male","Female","Other"],"message":"`male` is not a valid enum value for path `gender`.","path":"gender","type":"enum","value":"male"},"value":"male"}},"level":"error","message":"Signup OTP error: User validation failed: gender: `male` is not a valid enum value for path `gender`.","stack":"ValidationError: User validation failed: gender: `male` is not a valid enum value for path `gender`.\n    at Document.invalidate (/Users/vipinsingh/Downloads/imeta/Node Project/login-api/node_modules/mongoose/lib/document.js:3343:32)\n    at /Users/vipinsingh/Downloads/imeta/Node Project/login-api/node_modules/mongoose/lib/document.js:3104:17\n    at /Users/vipinsingh/Downloads/imeta/Node Project/login-api/node_modules/mongoose/lib/schemaType.js:1407:9\n    at process.processTicksAndRejections (node:internal/process/task_queues:77:11)"}
{"level":"info","message":"Server started successfully"}
{"level":"info","message":"Server started successfully"}
{"level":"info","message":"Server started successfully"}
{"level":"info","message":"Server started successfully"}
{"level":"info","message":"Server started successfully"}
{"level":"info","message":"Server started successfully"}
{"level":"info","message":"Server started successfully"}
{"level":"info","message":"Request: POST /api/auth/signup/send-otp"}
{"_message":"User validation failed","errors":{"gender":{"kind":"enum","message":"`male` is not a valid enum value for path `gender`.","name":"ValidatorError","path":"gender","properties":{"enumValues":["Male","Female","Other"],"message":"`male` is not a valid enum value for path `gender`.","path":"gender","type":"enum","value":"male"},"value":"male"}},"level":"error","message":"Signup OTP error: User validation failed: gender: `male` is not a valid enum value for path `gender`.","stack":"ValidationError: User validation failed: gender: `male` is not a valid enum value for path `gender`.\n    at Document.invalidate (/Users/vipinsingh/Downloads/imeta/Node Project/login-api/node_modules/mongoose/lib/document.js:3343:32)\n    at /Users/vipinsingh/Downloads/imeta/Node Project/login-api/node_modules/mongoose/lib/document.js:3104:17\n    at /Users/vipinsingh/Downloads/imeta/Node Project/login-api/node_modules/mongoose/lib/schemaType.js:1407:9\n    at process.processTicksAndRejections (node:internal/process/task_queues:77:11)"}
{"level":"info","message":"Server started successfully"}
{"level":"info","message":"Server started successfully"}
{"level":"info","message":"Request: POST /api/auth/signup/send-otp"}
{"_message":"User validation failed","errors":{"gender":{"kind":"enum","message":"`male` is not a valid enum value for path `gender`.","name":"ValidatorError","path":"gender","properties":{"enumValues":["Male","Female","Other"],"message":"`male` is not a valid enum value for path `gender`.","path":"gender","type":"enum","value":"male"},"value":"male"}},"level":"error","message":"Signup OTP error: User validation failed: gender: `male` is not a valid enum value for path `gender`.","stack":"ValidationError: User validation failed: gender: `male` is not a valid enum value for path `gender`.\n    at Document.invalidate (/Users/vipinsingh/Downloads/imeta/Node Project/login-api/node_modules/mongoose/lib/document.js:3343:32)\n    at /Users/vipinsingh/Downloads/imeta/Node Project/login-api/node_modules/mongoose/lib/document.js:3104:17\n    at /Users/vipinsingh/Downloads/imeta/Node Project/login-api/node_modules/mongoose/lib/schemaType.js:1407:9\n    at process.processTicksAndRejections (node:internal/process/task_queues:77:11)"}
{"level":"info","message":"Request: POST /api/auth/signup/send-otp"}
{"level":"info","message":"OTP sent to mukulgoelabc@gmail.com"}
{"level":"info","message":"Server started successfully"}
{"level":"info","message":"Server started successfully"}
{"level":"info","message":"Server started successfully"}
{"level":"info","message":"Server started successfully"}
{"level":"info","message":"Server started successfully"}
{"level":"info","message":"Server started successfully"}
{"level":"info","message":"Server started successfully"}
{"level":"info","message":"Server started successfully"}
{"level":"info","message":"Request: POST /api/auth/signup/send-otp"}
{"level":"info","message":"Request: POST /api/auth/signup/send-otp"}
{"level":"info","message":"OTP sent to mukulgoelabc@gmail.com"}
{"level":"info","message":{"accepted":["mukulgoelabc@gmail.com"],"ehlo":["SIZE 35882577","8BITMIME","AUTH LOGIN PLAIN XOAUTH2 PLAIN-CLIENTTOKEN OAUTHBEARER XOAUTH","ENHANCEDSTATUSCODES","PIPELINING","CHUNKING","SMTPUTF8"],"envelope":{"from":"vipin.singh632@gmail.com","to":["mukulgoelabc@gmail.com"]},"envelopeTime":865,"messageId":"<81b62271-93a7-2f4b-6e18-0006e981916f@gmail.com>","messageSize":344,"messageTime":820,"rejected":[],"response":"250 2.0.0 OK  1746622947 d9443c01a7336-22e150eb24csm93322805ad.2 - gsmtp"}}
{"level":"info","message":"Server started successfully"}
{"level":"info","message":"Server started successfully"}
{"level":"info","message":"Server started successfully"}
{"level":"info","message":"Server started successfully"}
{"level":"info","message":"Request: POST /api/auth/signup/send-otp"}
{"level":"info","message":"OTP sent to mukulgoelabc@gmail.com"}
{"level":"info","message":"Server started successfully"}
{"level":"info","message":"Server started successfully"}
{"level":"info","message":"Server started successfully"}
{"level":"info","message":"Server started successfully"}
{"level":"info","message":"Server started successfully"}
{"level":"info","message":"Server started successfully"}
{"level":"info","message":"Server started successfully"}
{"level":"info","message":"Server started successfully"}
{"level":"info","message":"Server started successfully"}
{"level":"info","message":"Server started successfully"}
{"level":"info","message":"Request: POST /api/auth/signup/send-otp"}
{"level":"info","message":"OTP sent to mukulgoelabc@gmail.com"}
{"level":"info","message":"Server started successfully"}
{"level":"info","message":"Server started successfully"}
{"level":"info","message":"Server started successfully"}
{"level":"info","message":"Server started successfully"}
{"level":"info","message":"Request: POST /api/auth/signup/send-otp"}
{"level":"info","message":"OTP sent to mukulgoelabc@gmail.com"}
{"level":"info","message":"Server started successfully"}
{"level":"info","message":"Server started successfully"}
{"level":"info","message":"Server started successfully"}
{"level":"info","message":"Server started successfully"}
{"level":"info","message":"Server started successfully"}
{"level":"info","message":"Server started successfully"}
{"level":"info","message":"Server started successfully"}
{"level":"info","message":"Server started successfully"}
{"level":"info","message":"Server started successfully"}
{"level":"info","message":"Server started successfully"}
{"level":"info","message":"Server started successfully"}
{"level":"info","message":"Server started successfully"}
{"level":"info","message":"Server started successfully"}
{"level":"info","message":"Server started successfully"}
{"level":"info","message":"Server started successfully"}
{"level":"info","message":"Server started successfully"}
{"level":"info","message":"Server started successfully"}
{"level":"info","message":"Server started successfully"}
{"level":"info","message":"Server started successfully"}
{"level":"info","message":"Server started successfully"}
{"level":"info","message":"Server started successfully"}
{"level":"info","message":"Server started successfully"}
{"level":"info","message":"Server started successfully"}
{"level":"info","message":"Server started successfully"}
{"level":"info","message":"Server started successfully"}
{"level":"info","message":"Server started successfully"}
{"level":"info","message":"Server started successfully"}
{"level":"info","message":"Server started successfully"}
{"level":"info","message":"Server started successfully"}
{"level":"info","message":"Server started successfully"}
